./s.sh: line 4: cd: /path/to/your/repository: No such file or directory
mkdir: cannot create directory ‘workspaces/blank90/AadufaLyIp’: No such file or directory
fatal: pathspec 'workspaces/blank90/AadufaLyIp' did not match any files
On branch main
Your branch is up to date with 'origin/main'.

Untracked files:
  (use "git add <file>..." to include in what will be committed)
	nohup.out
	s.sh
	script.sh
	script.sh.save

nothing added to commit but untracked files present (use "git add" to track)
Everything up-to-date
touch: cannot touch 'workspaces/blank90/IzH7cj94it': No such file or directory
fatal: pathspec 'workspaces/blank90/IzH7cj94it' did not match any files
On branch main
Your branch is up to date with 'origin/main'.

Untracked files:
  (use "git add <file>..." to include in what will be committed)
	1.sh
	nohup.out
	s.sh
	script.sh
	script.sh.save

nothing added to commit but untracked files present (use "git add" to track)
Everything up-to-date
